js: uncaught JavaScript runtime exception: TypeError: Cannot call method "filter" of null

js: uncaught JavaScript runtime exception: TypeError: Cannot call method "filter" of null

js: uncaught JavaScript runtime exception: TypeError: Cannot call method "filter" of null

js: uncaught JavaScript runtime exception: TypeError: Cannot call method "filter" of null

Listening on localhost/127.0.0.1:8001
GET /favicon.ico 200 application/octet-stream binary
GET /tasks/new 200 text/html text
GET /tasks/new 200 text/html text
org.mozilla.javascript.WrappedException: Wrapped java.net.BindException: Address already in use
	at org.mozilla.javascript.Context.throwAsScriptRuntimeEx(Context.java:1786)
	at org.mozilla.javascript.MemberBox.invoke(MemberBox.java:183)
	at org.mozilla.javascript.NativeJavaMethod.call(NativeJavaMethod.java:247)
	at org.mozilla.javascript.optimizer.OptRuntime.call2(OptRuntime.java:76)
	at org.mozilla.javascript.gen.file__home_matt_Documents_Code_Javascript_Struct_server_js_3._c_anonymous_1(Unknown Source)
	at org.mozilla.javascript.gen.file__home_matt_Documents_Code_Javascript_Struct_server_js_3.call(Unknown Source)
	at org.mozilla.javascript.optimizer.OptRuntime.call2(OptRuntime.java:76)
	at org.mozilla.javascript.gen.file__home_matt_Documents_Code_Javascript_Struct_struct_js_1._c_script_0(Unknown Source)
	at org.mozilla.javascript.gen.file__home_matt_Documents_Code_Javascript_Struct_struct_js_1.call(Unknown Source)
	at org.mozilla.javascript.ContextFactory.doTopCall(ContextFactory.java:426)
	at org.mozilla.javascript.ScriptRuntime.doTopCall(ScriptRuntime.java:3178)
	at org.mozilla.javascript.gen.file__home_matt_Documents_Code_Javascript_Struct_struct_js_1.call(Unknown Source)
	at org.mozilla.javascript.gen.file__home_matt_Documents_Code_Javascript_Struct_struct_js_1.exec(Unknown Source)
	at org.mozilla.javascript.commonjs.module.Require.executeModuleScript(Require.java:336)
	at org.mozilla.javascript.commonjs.module.Require.getExportedModuleInterface(Require.java:284)
	at org.mozilla.javascript.commonjs.module.Require.requireMain(Require.java:133)
	at org.mozilla.javascript.tools.shell.Main.processSource(Main.java:485)
	at org.mozilla.javascript.tools.shell.Main.processFiles(Main.java:215)
	at org.mozilla.javascript.tools.shell.Main$IProxy.run(Main.java:134)
	at org.mozilla.javascript.Context.call(Context.java:521)
	at org.mozilla.javascript.ContextFactory.call(ContextFactory.java:535)
	at org.mozilla.javascript.tools.shell.Main.exec(Main.java:198)
	at org.mozilla.javascript.tools.shell.Main.main(Main.java:174)
Caused by: java.net.BindException: Address already in use
	at sun.nio.ch.Net.bind0(Native Method)
	at sun.nio.ch.Net.bind(Net.java:344)
	at sun.nio.ch.Net.bind(Net.java:336)
	at sun.nio.ch.ServerSocketChannelImpl.bind(ServerSocketChannelImpl.java:199)
	at sun.nio.ch.ServerSocketAdaptor.bind(ServerSocketAdaptor.java:74)
	at sun.net.httpserver.ServerImpl.<init>(ServerImpl.java:101)
	at sun.net.httpserver.HttpServerImpl.<init>(HttpServerImpl.java:50)
	at sun.net.httpserver.DefaultHttpServerProvider.createHttpServer(DefaultHttpServerProvider.java:35)
	at com.sun.net.httpserver.HttpServer.create(HttpServer.java:129)
	at sun.reflect.NativeMethodAccessorImpl.invoke0(Native Method)
	at sun.reflect.NativeMethodAccessorImpl.invoke(NativeMethodAccessorImpl.java:57)
	at sun.reflect.DelegatingMethodAccessorImpl.invoke(DelegatingMethodAccessorImpl.java:43)
	at java.lang.reflect.Method.invoke(Method.java:601)
	at org.mozilla.javascript.MemberBox.invoke(MemberBox.java:161)
	... 21 more
Listening on localhost/127.0.0.1:8001
TypeError
GET /tasks/new 200 text/html text
GET /favicon.ico 200 application/octet-stream binary
TypeError
GET /tasks/new 200 text/html text
GET /favicon.ico 200 application/octet-stream binary
TypeError
GET /tasks/new 200 text/html text
TypeError
GET /tasks/new 200 text/html text
GET /favicon.ico 200 application/octet-stream binary
TypeError
GET /tasks/new 200 text/html text
GET /favicon.ico 200 application/octet-stream binary
GET /favicon.ico 200 application/octet-stream binary
org.mozilla.javascript.WrappedException: Wrapped java.net.BindException: Address already in use
	at org.mozilla.javascript.Context.throwAsScriptRuntimeEx(Context.java:1786)
	at org.mozilla.javascript.MemberBox.invoke(MemberBox.java:183)
	at org.mozilla.javascript.NativeJavaMethod.call(NativeJavaMethod.java:247)
	at org.mozilla.javascript.optimizer.OptRuntime.call2(OptRuntime.java:76)
	at org.mozilla.javascript.gen.file__home_matt_Documents_Code_Javascript_Struct_server_js_3._c_anonymous_1(Unknown Source)
	at org.mozilla.javascript.gen.file__home_matt_Documents_Code_Javascript_Struct_server_js_3.call(Unknown Source)
	at org.mozilla.javascript.optimizer.OptRuntime.call2(OptRuntime.java:76)
	at org.mozilla.javascript.gen.file__home_matt_Documents_Code_Javascript_Struct_struct_js_1._c_script_0(Unknown Source)
	at org.mozilla.javascript.gen.file__home_matt_Documents_Code_Javascript_Struct_struct_js_1.call(Unknown Source)
	at org.mozilla.javascript.ContextFactory.doTopCall(ContextFactory.java:426)
	at org.mozilla.javascript.ScriptRuntime.doTopCall(ScriptRuntime.java:3178)
	at org.mozilla.javascript.gen.file__home_matt_Documents_Code_Javascript_Struct_struct_js_1.call(Unknown Source)
	at org.mozilla.javascript.gen.file__home_matt_Documents_Code_Javascript_Struct_struct_js_1.exec(Unknown Source)
	at org.mozilla.javascript.commonjs.module.Require.executeModuleScript(Require.java:336)
	at org.mozilla.javascript.commonjs.module.Require.getExportedModuleInterface(Require.java:284)
	at org.mozilla.javascript.commonjs.module.Require.requireMain(Require.java:133)
	at org.mozilla.javascript.tools.shell.Main.processSource(Main.java:485)
	at org.mozilla.javascript.tools.shell.Main.processFiles(Main.java:215)
	at org.mozilla.javascript.tools.shell.Main$IProxy.run(Main.java:134)
	at org.mozilla.javascript.Context.call(Context.java:521)
	at org.mozilla.javascript.ContextFactory.call(ContextFactory.java:535)
	at org.mozilla.javascript.tools.shell.Main.exec(Main.java:198)
	at org.mozilla.javascript.tools.shell.Main.main(Main.java:174)
Caused by: java.net.BindException: Address already in use
	at sun.nio.ch.Net.bind0(Native Method)
	at sun.nio.ch.Net.bind(Net.java:344)
	at sun.nio.ch.Net.bind(Net.java:336)
	at sun.nio.ch.ServerSocketChannelImpl.bind(ServerSocketChannelImpl.java:199)
	at sun.nio.ch.ServerSocketAdaptor.bind(ServerSocketAdaptor.java:74)
	at sun.net.httpserver.ServerImpl.<init>(ServerImpl.java:101)
	at sun.net.httpserver.HttpServerImpl.<init>(HttpServerImpl.java:50)
	at sun.net.httpserver.DefaultHttpServerProvider.createHttpServer(DefaultHttpServerProvider.java:35)
	at com.sun.net.httpserver.HttpServer.create(HttpServer.java:129)
	at sun.reflect.NativeMethodAccessorImpl.invoke0(Native Method)
	at sun.reflect.NativeMethodAccessorImpl.invoke(NativeMethodAccessorImpl.java:57)
	at sun.reflect.DelegatingMethodAccessorImpl.invoke(DelegatingMethodAccessorImpl.java:43)
	at java.lang.reflect.Method.invoke(Method.java:601)
	at org.mozilla.javascript.MemberBox.invoke(MemberBox.java:161)
	... 21 more
Listening on localhost/127.0.0.1:8001
GET /favicon.ico 200 application/octet-stream binary
TypeError
GET /tasks/new 200 text/html text
GET /favicon.ico 200 application/octet-stream binary
org.mozilla.javascript.WrappedException: Wrapped java.net.BindException: Address already in use
	at org.mozilla.javascript.Context.throwAsScriptRuntimeEx(Context.java:1786)
	at org.mozilla.javascript.MemberBox.invoke(MemberBox.java:183)
	at org.mozilla.javascript.NativeJavaMethod.call(NativeJavaMethod.java:247)
	at org.mozilla.javascript.optimizer.OptRuntime.call2(OptRuntime.java:76)
	at org.mozilla.javascript.gen.file__home_matt_Documents_Code_Javascript_Struct_server_js_3._c_anonymous_1(Unknown Source)
	at org.mozilla.javascript.gen.file__home_matt_Documents_Code_Javascript_Struct_server_js_3.call(Unknown Source)
	at org.mozilla.javascript.optimizer.OptRuntime.call2(OptRuntime.java:76)
	at org.mozilla.javascript.gen.file__home_matt_Documents_Code_Javascript_Struct_struct_js_1._c_script_0(Unknown Source)
	at org.mozilla.javascript.gen.file__home_matt_Documents_Code_Javascript_Struct_struct_js_1.call(Unknown Source)
	at org.mozilla.javascript.ContextFactory.doTopCall(ContextFactory.java:426)
	at org.mozilla.javascript.ScriptRuntime.doTopCall(ScriptRuntime.java:3178)
	at org.mozilla.javascript.gen.file__home_matt_Documents_Code_Javascript_Struct_struct_js_1.call(Unknown Source)
	at org.mozilla.javascript.gen.file__home_matt_Documents_Code_Javascript_Struct_struct_js_1.exec(Unknown Source)
	at org.mozilla.javascript.commonjs.module.Require.executeModuleScript(Require.java:336)
	at org.mozilla.javascript.commonjs.module.Require.getExportedModuleInterface(Require.java:284)
	at org.mozilla.javascript.commonjs.module.Require.requireMain(Require.java:133)
	at org.mozilla.javascript.tools.shell.Main.processSource(Main.java:485)
	at org.mozilla.javascript.tools.shell.Main.processFiles(Main.java:215)
	at org.mozilla.javascript.tools.shell.Main$IProxy.run(Main.java:134)
	at org.mozilla.javascript.Context.call(Context.java:521)
	at org.mozilla.javascript.ContextFactory.call(ContextFactory.java:535)
	at org.mozilla.javascript.tools.shell.Main.exec(Main.java:198)
	at org.mozilla.javascript.tools.shell.Main.main(Main.java:174)
Caused by: java.net.BindException: Address already in use
	at sun.nio.ch.Net.bind0(Native Method)
	at sun.nio.ch.Net.bind(Net.java:344)
	at sun.nio.ch.Net.bind(Net.java:336)
	at sun.nio.ch.ServerSocketChannelImpl.bind(ServerSocketChannelImpl.java:199)
	at sun.nio.ch.ServerSocketAdaptor.bind(ServerSocketAdaptor.java:74)
	at sun.net.httpserver.ServerImpl.<init>(ServerImpl.java:101)
	at sun.net.httpserver.HttpServerImpl.<init>(HttpServerImpl.java:50)
	at sun.net.httpserver.DefaultHttpServerProvider.createHttpServer(DefaultHttpServerProvider.java:35)
	at com.sun.net.httpserver.HttpServer.create(HttpServer.java:129)
	at sun.reflect.NativeMethodAccessorImpl.invoke0(Native Method)
	at sun.reflect.NativeMethodAccessorImpl.invoke(NativeMethodAccessorImpl.java:57)
	at sun.reflect.DelegatingMethodAccessorImpl.invoke(DelegatingMethodAccessorImpl.java:43)
	at java.lang.reflect.Method.invoke(Method.java:601)
	at org.mozilla.javascript.MemberBox.invoke(MemberBox.java:161)
	... 21 more
TypeError
GET /tasks/new 200 text/html text
GET /favicon.ico 200 application/octet-stream binary
TypeError
GET /tasks/new 200 text/html text
GET /favicon.ico 200 application/octet-stream binary
TypeError
GET /tasks/new 200 text/html text
GET /favicon.ico 200 application/octet-stream binary
Listening on localhost/127.0.0.1:8001
{"test":"test"}
TypeError
GET /tasks/new 200 text/html text
GET /favicon.ico 200 application/octet-stream binary
{"test":"test"}
TypeError
GET /tasks/new 200 text/html text
GET /favicon.ico 200 application/octet-stream binary
Listening on localhost/127.0.0.1:8001
{"test":"test"}
TypeError: Cannot call method "toXMLString" of undefined
GET /favicon.ico 200 application/octet-stream binary
org.mozilla.javascript.WrappedException: Wrapped java.net.BindException: Address already in use
	at org.mozilla.javascript.Context.throwAsScriptRuntimeEx(Context.java:1786)
	at org.mozilla.javascript.MemberBox.invoke(MemberBox.java:183)
	at org.mozilla.javascript.NativeJavaMethod.call(NativeJavaMethod.java:247)
	at org.mozilla.javascript.optimizer.OptRuntime.call2(OptRuntime.java:76)
	at org.mozilla.javascript.gen.file__home_matt_Documents_Code_Javascript_Struct_server_js_3._c_anonymous_1(Unknown Source)
	at org.mozilla.javascript.gen.file__home_matt_Documents_Code_Javascript_Struct_server_js_3.call(Unknown Source)
	at org.mozilla.javascript.optimizer.OptRuntime.call2(OptRuntime.java:76)
	at org.mozilla.javascript.gen.file__home_matt_Documents_Code_Javascript_Struct_struct_js_1._c_script_0(Unknown Source)
	at org.mozilla.javascript.gen.file__home_matt_Documents_Code_Javascript_Struct_struct_js_1.call(Unknown Source)
	at org.mozilla.javascript.ContextFactory.doTopCall(ContextFactory.java:426)
	at org.mozilla.javascript.ScriptRuntime.doTopCall(ScriptRuntime.java:3178)
	at org.mozilla.javascript.gen.file__home_matt_Documents_Code_Javascript_Struct_struct_js_1.call(Unknown Source)
	at org.mozilla.javascript.gen.file__home_matt_Documents_Code_Javascript_Struct_struct_js_1.exec(Unknown Source)
	at org.mozilla.javascript.commonjs.module.Require.executeModuleScript(Require.java:336)
	at org.mozilla.javascript.commonjs.module.Require.getExportedModuleInterface(Require.java:284)
	at org.mozilla.javascript.commonjs.module.Require.requireMain(Require.java:133)
	at org.mozilla.javascript.tools.shell.Main.processSource(Main.java:485)
	at org.mozilla.javascript.tools.shell.Main.processFiles(Main.java:215)
	at org.mozilla.javascript.tools.shell.Main$IProxy.run(Main.java:134)
	at org.mozilla.javascript.Context.call(Context.java:521)
	at org.mozilla.javascript.ContextFactory.call(ContextFactory.java:535)
	at org.mozilla.javascript.tools.shell.Main.exec(Main.java:198)
	at org.mozilla.javascript.tools.shell.Main.main(Main.java:174)
Caused by: java.net.BindException: Address already in use
	at sun.nio.ch.Net.bind0(Native Method)
	at sun.nio.ch.Net.bind(Net.java:344)
	at sun.nio.ch.Net.bind(Net.java:336)
	at sun.nio.ch.ServerSocketChannelImpl.bind(ServerSocketChannelImpl.java:199)
	at sun.nio.ch.ServerSocketAdaptor.bind(ServerSocketAdaptor.java:74)
	at sun.net.httpserver.ServerImpl.<init>(ServerImpl.java:101)
	at sun.net.httpserver.HttpServerImpl.<init>(HttpServerImpl.java:50)
	at sun.net.httpserver.DefaultHttpServerProvider.createHttpServer(DefaultHttpServerProvider.java:35)
	at com.sun.net.httpserver.HttpServer.create(HttpServer.java:129)
	at sun.reflect.NativeMethodAccessorImpl.invoke0(Native Method)
	at sun.reflect.NativeMethodAccessorImpl.invoke(NativeMethodAccessorImpl.java:57)
	at sun.reflect.DelegatingMethodAccessorImpl.invoke(DelegatingMethodAccessorImpl.java:43)
	at java.lang.reflect.Method.invoke(Method.java:601)
	at org.mozilla.javascript.MemberBox.invoke(MemberBox.java:161)
	... 21 more
Listening on localhost/127.0.0.1:8001
{"test":"test"}
TypeError: Cannot call method "toXMLString" of undefined
GET /favicon.ico 200 application/octet-stream binary
Listening on localhost/127.0.0.1:8001
Listening on localhost/127.0.0.1:8001
GET /tasks/new 200 text/html text
GET /tasks/new 200 text/html text
GET /favicon.ico 200 application/octet-stream binary
GET /tasks/new 200 text/html text
GET /favicon.ico 200 application/octet-stream binary
GET /tasks/new 200 text/html text
GET /favicon.ico 200 application/octet-stream binary
GET /tasks/new 200 text/html text
Listening on localhost/127.0.0.1:8001
org.mozilla.javascript.WrappedException: Wrapped java.net.BindException: Address already in use
	at org.mozilla.javascript.Context.throwAsScriptRuntimeEx(Context.java:1786)
	at org.mozilla.javascript.MemberBox.invoke(MemberBox.java:183)
	at org.mozilla.javascript.NativeJavaMethod.call(NativeJavaMethod.java:247)
	at org.mozilla.javascript.optimizer.OptRuntime.call2(OptRuntime.java:76)
	at org.mozilla.javascript.gen.file__home_matt_Documents_Code_Javascript_Struct_server_js_3._c_anonymous_1(Unknown Source)
	at org.mozilla.javascript.gen.file__home_matt_Documents_Code_Javascript_Struct_server_js_3.call(Unknown Source)
	at org.mozilla.javascript.optimizer.OptRuntime.call2(OptRuntime.java:76)
	at org.mozilla.javascript.gen.file__home_matt_Documents_Code_Javascript_Struct_struct_js_1._c_script_0(Unknown Source)
	at org.mozilla.javascript.gen.file__home_matt_Documents_Code_Javascript_Struct_struct_js_1.call(Unknown Source)
	at org.mozilla.javascript.ContextFactory.doTopCall(ContextFactory.java:426)
	at org.mozilla.javascript.ScriptRuntime.doTopCall(ScriptRuntime.java:3178)
	at org.mozilla.javascript.gen.file__home_matt_Documents_Code_Javascript_Struct_struct_js_1.call(Unknown Source)
	at org.mozilla.javascript.gen.file__home_matt_Documents_Code_Javascript_Struct_struct_js_1.exec(Unknown Source)
	at org.mozilla.javascript.commonjs.module.Require.executeModuleScript(Require.java:336)
	at org.mozilla.javascript.commonjs.module.Require.getExportedModuleInterface(Require.java:284)
	at org.mozilla.javascript.commonjs.module.Require.requireMain(Require.java:133)
	at org.mozilla.javascript.tools.shell.Main.processSource(Main.java:485)
	at org.mozilla.javascript.tools.shell.Main.processFiles(Main.java:215)
	at org.mozilla.javascript.tools.shell.Main$IProxy.run(Main.java:134)
	at org.mozilla.javascript.Context.call(Context.java:521)
	at org.mozilla.javascript.ContextFactory.call(ContextFactory.java:535)
	at org.mozilla.javascript.tools.shell.Main.exec(Main.java:198)
	at org.mozilla.javascript.tools.shell.Main.main(Main.java:174)
Caused by: java.net.BindException: Address already in use
	at sun.nio.ch.Net.bind0(Native Method)
	at sun.nio.ch.Net.bind(Net.java:344)
	at sun.nio.ch.Net.bind(Net.java:336)
	at sun.nio.ch.ServerSocketChannelImpl.bind(ServerSocketChannelImpl.java:199)
	at sun.nio.ch.ServerSocketAdaptor.bind(ServerSocketAdaptor.java:74)
	at sun.net.httpserver.ServerImpl.<init>(ServerImpl.java:101)
	at sun.net.httpserver.HttpServerImpl.<init>(HttpServerImpl.java:50)
	at sun.net.httpserver.DefaultHttpServerProvider.createHttpServer(DefaultHttpServerProvider.java:35)
	at com.sun.net.httpserver.HttpServer.create(HttpServer.java:129)
	at sun.reflect.NativeMethodAccessorImpl.invoke0(Native Method)
	at sun.reflect.NativeMethodAccessorImpl.invoke(NativeMethodAccessorImpl.java:57)
	at sun.reflect.DelegatingMethodAccessorImpl.invoke(DelegatingMethodAccessorImpl.java:43)
	at java.lang.reflect.Method.invoke(Method.java:601)
	at org.mozilla.javascript.MemberBox.invoke(MemberBox.java:161)
	... 21 more
Listening on localhost/127.0.0.1:8001
Listening on localhost/127.0.0.1:8001
GET /tasks/new 200 text/html text
GET /favicon.ico 200 application/octet-stream binary
../../Javascript/Struct/struct: line 3:  3207 Terminated              rhino -version 180 -modules $structpath -main $structpath/struct.js $structpath/struct.js $@
GET /tasks/new 200 text/html text
GET /tasks/new 200 text/html text
GET /favicon.ico 200 application/octet-stream binary
GET /tasks/new 200 text/html text
GET /favicon.ico 200 application/octet-stream binary
GET /favicon.ico 200 application/octet-stream binary
GET /tasks/new 200 text/html text
GET /favicon.ico 200 application/octet-stream binary
GET /tasks/new 200 text/html text
GET /favicon.ico 200 application/octet-stream binary
Listening on localhost/127.0.0.1:8001
Listening on localhost/127.0.0.1:8001
Listening on localhost/127.0.0.1:8001
GET /tasks/new 200 text/html text
GET /favicon.ico 200 application/octet-stream binary
Listening on localhost/127.0.0.1:8001
Listening on localhost/127.0.0.1:8001
Listening on localhost/127.0.0.1:8001
Listening on localhost/127.0.0.1:8001
Listening on localhost/127.0.0.1:8001
Listening on localhost/127.0.0.1:8001
